Case #1: 7 1
Case #2: 5 1
Case #3: 7 2
Case #4: 0 0
Case #5: 7 4
Case #6: 5 0
Case #7: 9 3
Case #8: 10 10
Case #9: 0 0
Case #10: 0 0
Case #11: 7 2
Case #12: 4 1
Case #13: 0 0
Case #14: 1 1
Case #15: 0 0
Case #16: 5 3
Case #17: 0 0
Case #18: 5 2
Case #19: 3 3
Case #20: 8 2
Case #21: 7 2
Case #22: 7 2
Case #23: 3 2
Case #24: 3 1
Case #25: 0 0
Case #26: 10 10
Case #27: 8 1
Case #28: 8 2
Case #29: 4 1
Case #30: 8 3
Case #31: 5 2
Case #32: 0 0
Case #33: 8 2
Case #34: 9 5
Case #35: 4 3
Case #36: 5 0
Case #37: 10 10
Case #38: 10 10
Case #39: 0 0
Case #40: 6 1
Case #41: 8 3
Case #42: 0 0
Case #43: 5 1
Case #44: 5 0
Case #45: 9 2
Case #46: 3 1
Case #47: 0 0
Case #48: 5 0
Case #49: 10 10
Case #50: 5 3
